# JRE version: OpenJDK Runtime Environment (21.0.5) (build 21.0.5+-13047016-b750.29)
# Java VM: OpenJDK 64-Bit Server VM (21.0.5+-13047016-b750.29, mixed mode, tiered, compressed oops, compressed class ptrs, g1 gc, windows-amd64)
GC Precious Log:
 CardTable entry size: 512
 Card Set container configuration: InlinePtr #cards 5 size 8 Array Of Cards #cards 12 size 40 Howl #buckets 4 coarsen threshold 1843 Howl Bitmap #cards 512 size 80 coarsen threshold 460 Card regions per heap region 1 cards per card region 2048
 CPUs: 12 total, 12 available
 Memory: 7528M
 Large Page Support: Disabled
 NUMA Support: Disabled
 Compressed Oops: Enabled (32-bit)
 Heap Region Size: 1M
 Heap Min Capacity: 8M
 Heap Initial Capacity: 118M
 Heap Max Capacity: 2G
 Pre-touch: Disabled
 Parallel Workers: 10
 Concurrent Workers: 3
 Concurrent Refinement Workers: 10
 Periodic GC: Disabled
Heap:
 garbage-first heap   total 337920K, used 229669K [0x0000000080000000, 0x0000000100000000)
  region size 1024K, 14 young (14336K), 8 survivors (8192K)
 Metaspace       used 125549K, committed 127808K, reserved 1179648K
  class space    used 17156K, committed 18304K, reserved 1048576K
GC Heap History (20 events):
Event: 28.587 GC heap before
{Heap before GC invocations=41 (full 0):
 garbage-first heap   total 175104K, used 156365K [0x0000000080000000, 0x0000000100000000)
  region size 1024K, 46 young (47104K), 7 survivors (7168K)
 Metaspace       used 113262K, committed 115392K, reserved 1179648K
  class space    used 15286K, committed 16384K, reserved 1048576K
}
Event: 28.598 GC heap after
{Heap after GC invocations=42 (full 0):
 garbage-first heap   total 210944K, used 122685K [0x0000000080000000, 0x0000000100000000)
  region size 1024K, 5 young (5120K), 5 survivors (5120K)
 Metaspace       used 113262K, committed 115392K, reserved 1179648K
  class space    used 15286K, committed 16384K, reserved 1048576K
}
Event: 29.476 GC heap before
{Heap before GC invocations=43 (full 0):
 garbage-first heap   total 210944K, used 197437K [0x0000000080000000, 0x0000000100000000)
  region size 1024K, 68 young (69632K), 5 survivors (5120K)
 Metaspace       used 116226K, committed 118400K, reserved 1179648K
  class space    used 15714K, committed 16768K, reserved 1048576K
}
Event: 29.482 GC heap after
{Heap after GC invocations=44 (full 0):
 garbage-first heap   total 210944K, used 127376K [0x0000000080000000, 0x0000000100000000)
  region size 1024K, 6 young (6144K), 6 survivors (6144K)
 Metaspace       used 116226K, committed 118400K, reserved 1179648K
  class space    used 15714K, committed 16768K, reserved 1048576K
}
Event: 31.073 GC heap before
{Heap before GC invocations=44 (full 0):
 garbage-first heap   total 210944K, used 208272K [0x0000000080000000, 0x0000000100000000)
  region size 1024K, 63 young (64512K), 6 survivors (6144K)
 Metaspace       used 116682K, committed 118784K, reserved 1179648K
  class space    used 15783K, committed 16832K, reserved 1048576K
}
Event: 31.110 GC heap after
{Heap after GC invocations=45 (full 0):
 garbage-first heap   total 236544K, used 155451K [0x0000000080000000, 0x0000000100000000)
  region size 1024K, 9 young (9216K), 9 survivors (9216K)
 Metaspace       used 116682K, committed 118784K, reserved 1179648K
  class space    used 15783K, committed 16832K, reserved 1048576K
}
Event: 32.099 GC heap before
{Heap before GC invocations=45 (full 0):
 garbage-first heap   total 236544K, used 206651K [0x0000000080000000, 0x0000000100000000)
  region size 1024K, 60 young (61440K), 9 survivors (9216K)
 Metaspace       used 119363K, committed 121600K, reserved 1179648K
  class space    used 16329K, committed 17472K, reserved 1048576K
}
Event: 32.146 GC heap after
{Heap after GC invocations=46 (full 0):
 garbage-first heap   total 238592K, used 176894K [0x0000000080000000, 0x0000000100000000)
  region size 1024K, 8 young (8192K), 8 survivors (8192K)
 Metaspace       used 119363K, committed 121600K, reserved 1179648K
  class space    used 16329K, committed 17472K, reserved 1048576K
}
Event: 32.495 GC heap before
{Heap before GC invocations=47 (full 0):
 garbage-first heap   total 295936K, used 208638K [0x0000000080000000, 0x0000000100000000)
  region size 1024K, 40 young (40960K), 8 survivors (8192K)
 Metaspace       used 119383K, committed 121600K, reserved 1179648K
  class space    used 16329K, committed 17472K, reserved 1048576K
}
Event: 32.527 GC heap after
{Heap after GC invocations=48 (full 0):
 garbage-first heap   total 295936K, used 194560K [0x0000000080000000, 0x0000000100000000)
  region size 1024K, 5 young (5120K), 5 survivors (5120K)
 Metaspace       used 119383K, committed 121600K, reserved 1179648K
  class space    used 16329K, committed 17472K, reserved 1048576K
}
Event: 33.706 GC heap before
{Heap before GC invocations=48 (full 0):
 garbage-first heap   total 295936K, used 246784K [0x0000000080000000, 0x0000000100000000)
  region size 1024K, 57 young (58368K), 5 survivors (5120K)
 Metaspace       used 121512K, committed 123712K, reserved 1179648K
  class space    used 16625K, committed 17728K, reserved 1048576K
}
Event: 33.737 GC heap after
{Heap after GC invocations=49 (full 0):
 garbage-first heap   total 295936K, used 207728K [0x0000000080000000, 0x0000000100000000)
  region size 1024K, 8 young (8192K), 8 survivors (8192K)
 Metaspace       used 121512K, committed 123712K, reserved 1179648K
  class space    used 16625K, committed 17728K, reserved 1048576K
}
Event: 35.477 GC heap before
{Heap before GC invocations=49 (full 0):
 garbage-first heap   total 295936K, used 251760K [0x0000000080000000, 0x0000000100000000)
  region size 1024K, 52 young (53248K), 8 survivors (8192K)
 Metaspace       used 124187K, committed 126400K, reserved 1179648K
  class space    used 17003K, committed 18112K, reserved 1048576K
}
Event: 35.499 GC heap after
{Heap after GC invocations=50 (full 0):
 garbage-first heap   total 295936K, used 212992K [0x0000000080000000, 0x0000000100000000)
  region size 1024K, 4 young (4096K), 4 survivors (4096K)
 Metaspace       used 124187K, committed 126400K, reserved 1179648K
  class space    used 17003K, committed 18112K, reserved 1048576K
}
Event: 36.999 GC heap before
{Heap before GC invocations=51 (full 0):
 garbage-first heap   total 337920K, used 248832K [0x0000000080000000, 0x0000000100000000)
  region size 1024K, 49 young (50176K), 4 survivors (4096K)
 Metaspace       used 125044K, committed 127296K, reserved 1179648K
  class space    used 17110K, committed 18240K, reserved 1048576K
}
Event: 37.019 GC heap after
{Heap after GC invocations=52 (full 0):
 garbage-first heap   total 337920K, used 207047K [0x0000000080000000, 0x0000000100000000)
  region size 1024K, 7 young (7168K), 7 survivors (7168K)
 Metaspace       used 125044K, committed 127296K, reserved 1179648K
  class space    used 17110K, committed 18240K, reserved 1048576K
}
Event: 39.724 GC heap before
{Heap before GC invocations=52 (full 0):
 garbage-first heap   total 337920K, used 303303K [0x0000000080000000, 0x0000000100000000)
  region size 1024K, 86 young (88064K), 7 survivors (7168K)
 Metaspace       used 125546K, committed 127808K, reserved 1179648K
  class space    used 17156K, committed 18304K, reserved 1048576K
}
Event: 39.763 GC heap after
{Heap after GC invocations=53 (full 0):
 garbage-first heap   total 337920K, used 222903K [0x0000000080000000, 0x0000000100000000)
  region size 1024K, 10 young (10240K), 10 survivors (10240K)
 Metaspace       used 125546K, committed 127808K, reserved 1179648K
  class space    used 17156K, committed 18304K, reserved 1048576K
}
Event: 40.115 GC heap before
{Heap before GC invocations=53 (full 0):
 garbage-first heap   total 337920K, used 236215K [0x0000000080000000, 0x0000000100000000)
  region size 1024K, 25 young (25600K), 10 survivors (10240K)
 Metaspace       used 125549K, committed 127808K, reserved 1179648K
  class space    used 17156K, committed 18304K, reserved 1048576K
}
Event: 40.135 GC heap after
{Heap after GC invocations=54 (full 0):
 garbage-first heap   total 337920K, used 224549K [0x0000000080000000, 0x0000000100000000)
  region size 1024K, 8 young (8192K), 8 survivors (8192K)
 Metaspace       used 125549K, committed 127808K, reserved 1179648K
  class space    used 17156K, committed 18304K, reserved 1048576K
}

