# JRE version: OpenJDK Runtime Environment (21.0.5) (build 21.0.5+-13047016-b750.29)
# Java VM: OpenJDK 64-Bit Server VM (21.0.5+-13047016-b750.29, mixed mode, tiered, compressed oops, compressed class ptrs, g1 gc, windows-amd64)
GC Precious Log:
 CardTable entry size: 512
 Card Set container configuration: InlinePtr #cards 5 size 8 Array Of Cards #cards 12 size 40 Howl #buckets 4 coarsen threshold 1843 Howl Bitmap #cards 512 size 80 coarsen threshold 460 Card regions per heap region 1 cards per card region 2048
 CPUs: 12 total, 12 available
 Memory: 7528M
 Large Page Support: Disabled
 NUMA Support: Disabled
 Compressed Oops: Enabled (32-bit)
 Heap Region Size: 1M
 Heap Min Capacity: 8M
 Heap Initial Capacity: 118M
 Heap Max Capacity: 2G
 Pre-touch: Disabled
 Parallel Workers: 10
 Concurrent Workers: 3
 Concurrent Refinement Workers: 10
 Periodic GC: Disabled
Heap:
 garbage-first heap   total 300032K, used 175928K [0x0000000080000000, 0x0000000100000000)
  region size 1024K, 37 young (37888K), 11 survivors (11264K)
 Metaspace       used 119404K, committed 121600K, reserved 1179648K
  class space    used 15796K, committed 16896K, reserved 1048576K
GC Heap History (20 events):
Event: 34.877 GC heap before
{Heap before GC invocations=36 (full 0):
 garbage-first heap   total 157696K, used 123848K [0x0000000080000000, 0x0000000100000000)
  region size 1024K, 35 young (35840K), 4 survivors (4096K)
 Metaspace       used 107450K, committed 109568K, reserved 1179648K
  class space    used 14591K, committed 15680K, reserved 1048576K
}
Event: 34.884 GC heap after
{Heap after GC invocations=37 (full 0):
 garbage-first heap   total 157696K, used 90881K [0x0000000080000000, 0x0000000100000000)
  region size 1024K, 4 young (4096K), 4 survivors (4096K)
 Metaspace       used 107450K, committed 109568K, reserved 1179648K
  class space    used 14591K, committed 15680K, reserved 1048576K
}
Event: 35.526 GC heap before
{Heap before GC invocations=37 (full 0):
 garbage-first heap   total 157696K, used 137985K [0x0000000080000000, 0x0000000100000000)
  region size 1024K, 50 young (51200K), 4 survivors (4096K)
 Metaspace       used 107658K, committed 109760K, reserved 1179648K
  class space    used 14610K, committed 15680K, reserved 1048576K
}
Event: 35.539 GC heap after
{Heap after GC invocations=38 (full 0):
 garbage-first heap   total 157696K, used 94131K [0x0000000080000000, 0x0000000100000000)
  region size 1024K, 7 young (7168K), 7 survivors (7168K)
 Metaspace       used 107658K, committed 109760K, reserved 1179648K
  class space    used 14610K, committed 15680K, reserved 1048576K
}
Event: 37.674 GC heap before
{Heap before GC invocations=38 (full 0):
 garbage-first heap   total 157696K, used 140211K [0x0000000080000000, 0x0000000100000000)
  region size 1024K, 53 young (54272K), 7 survivors (7168K)
 Metaspace       used 109667K, committed 111872K, reserved 1179648K
  class space    used 14807K, committed 15936K, reserved 1048576K
}
Event: 37.691 GC heap after
{Heap after GC invocations=39 (full 0):
 garbage-first heap   total 158720K, used 104061K [0x0000000080000000, 0x0000000100000000)
  region size 1024K, 7 young (7168K), 7 survivors (7168K)
 Metaspace       used 109667K, committed 111872K, reserved 1179648K
  class space    used 14807K, committed 15936K, reserved 1048576K
}
Event: 38.495 GC heap before
{Heap before GC invocations=40 (full 0):
 garbage-first heap   total 189440K, used 150141K [0x0000000080000000, 0x0000000100000000)
  region size 1024K, 43 young (44032K), 7 survivors (7168K)
 Metaspace       used 109962K, committed 112128K, reserved 1179648K
  class space    used 14830K, committed 15936K, reserved 1048576K
}
Event: 38.515 GC heap after
{Heap after GC invocations=41 (full 0):
 garbage-first heap   total 189440K, used 123165K [0x0000000080000000, 0x0000000100000000)
  region size 1024K, 6 young (6144K), 6 survivors (6144K)
 Metaspace       used 109962K, committed 112128K, reserved 1179648K
  class space    used 14830K, committed 15936K, reserved 1048576K
}
Event: 39.696 GC heap before
{Heap before GC invocations=41 (full 0):
 garbage-first heap   total 189440K, used 166173K [0x0000000080000000, 0x0000000100000000)
  region size 1024K, 42 young (43008K), 6 survivors (6144K)
 Metaspace       used 110319K, committed 112512K, reserved 1179648K
  class space    used 14854K, committed 15936K, reserved 1048576K
}
Event: 39.711 GC heap after
{Heap after GC invocations=42 (full 0):
 garbage-first heap   total 189440K, used 127518K [0x0000000080000000, 0x0000000100000000)
  region size 1024K, 5 young (5120K), 5 survivors (5120K)
 Metaspace       used 110319K, committed 112512K, reserved 1179648K
  class space    used 14854K, committed 15936K, reserved 1048576K
}
Event: 39.899 GC heap before
{Heap before GC invocations=42 (full 0):
 garbage-first heap   total 189440K, used 136734K [0x0000000080000000, 0x0000000100000000)
  region size 1024K, 15 young (15360K), 5 survivors (5120K)
 Metaspace       used 110345K, committed 112512K, reserved 1179648K
  class space    used 14857K, committed 15936K, reserved 1048576K
}
Event: 39.912 GC heap after
{Heap after GC invocations=43 (full 0):
 garbage-first heap   total 189440K, used 133646K [0x0000000080000000, 0x0000000100000000)
  region size 1024K, 5 young (5120K), 5 survivors (5120K)
 Metaspace       used 110345K, committed 112512K, reserved 1179648K
  class space    used 14857K, committed 15936K, reserved 1048576K
}
Event: 40.290 GC heap before
{Heap before GC invocations=44 (full 0):
 garbage-first heap   total 249856K, used 179726K [0x0000000080000000, 0x0000000100000000)
  region size 1024K, 36 young (36864K), 5 survivors (5120K)
 Metaspace       used 111182K, committed 113408K, reserved 1179648K
  class space    used 14928K, committed 16064K, reserved 1048576K
}
Event: 40.302 GC heap after
{Heap after GC invocations=45 (full 0):
 garbage-first heap   total 249856K, used 139134K [0x0000000080000000, 0x0000000100000000)
  region size 1024K, 5 young (5120K), 5 survivors (5120K)
 Metaspace       used 111182K, committed 113408K, reserved 1179648K
  class space    used 14928K, committed 16064K, reserved 1048576K
}
Event: 41.029 GC heap before
{Heap before GC invocations=45 (full 0):
 garbage-first heap   total 249856K, used 207742K [0x0000000080000000, 0x0000000100000000)
  region size 1024K, 73 young (74752K), 5 survivors (5120K)
 Metaspace       used 113944K, committed 116160K, reserved 1179648K
  class space    used 15180K, committed 16320K, reserved 1048576K
}
Event: 41.042 GC heap after
{Heap after GC invocations=46 (full 0):
 garbage-first heap   total 300032K, used 141471K [0x0000000080000000, 0x0000000100000000)
  region size 1024K, 10 young (10240K), 10 survivors (10240K)
 Metaspace       used 113944K, committed 116160K, reserved 1179648K
  class space    used 15180K, committed 16320K, reserved 1048576K
}
Event: 41.896 GC heap before
{Heap before GC invocations=46 (full 0):
 garbage-first heap   total 300032K, used 243871K [0x0000000080000000, 0x0000000100000000)
  region size 1024K, 111 young (113664K), 10 survivors (10240K)
 Metaspace       used 116353K, committed 118528K, reserved 1179648K
  class space    used 15429K, committed 16512K, reserved 1048576K
}
Event: 41.912 GC heap after
{Heap after GC invocations=47 (full 0):
 garbage-first heap   total 300032K, used 147942K [0x0000000080000000, 0x0000000100000000)
  region size 1024K, 14 young (14336K), 14 survivors (14336K)
 Metaspace       used 116353K, committed 118528K, reserved 1179648K
  class space    used 15429K, committed 16512K, reserved 1048576K
}
Event: 43.712 GC heap before
{Heap before GC invocations=47 (full 0):
 garbage-first heap   total 300032K, used 260582K [0x0000000080000000, 0x0000000100000000)
  region size 1024K, 125 young (128000K), 14 survivors (14336K)
 Metaspace       used 119032K, committed 121216K, reserved 1179648K
  class space    used 15750K, committed 16832K, reserved 1048576K
}
Event: 43.731 GC heap after
{Heap after GC invocations=48 (full 0):
 garbage-first heap   total 300032K, used 151352K [0x0000000080000000, 0x0000000100000000)
  region size 1024K, 11 young (11264K), 11 survivors (11264K)
 Metaspace       used 119032K, committed 121216K, reserved 1179648K
  class space    used 15750K, committed 16832K, reserved 1048576K
}

