# JRE version: OpenJDK Runtime Environment (21.0.5) (build 21.0.5+-13047016-b750.29)
# Java VM: OpenJDK 64-Bit Server VM (21.0.5+-13047016-b750.29, mixed mode, tiered, compressed oops, compressed class ptrs, g1 gc, windows-amd64)
GC Precious Log:
 CardTable entry size: 512
 Card Set container configuration: InlinePtr #cards 5 size 8 Array Of Cards #cards 12 size 40 Howl #buckets 4 coarsen threshold 1843 Howl Bitmap #cards 512 size 80 coarsen threshold 460 Card regions per heap region 1 cards per card region 2048
 CPUs: 12 total, 12 available
 Memory: 7528M
 Large Page Support: Disabled
 NUMA Support: Disabled
 Compressed Oops: Enabled (32-bit)
 Heap Region Size: 1M
 Heap Min Capacity: 8M
 Heap Initial Capacity: 118M
 Heap Max Capacity: 2G
 Pre-touch: Disabled
 Parallel Workers: 10
 Concurrent Workers: 3
 Concurrent Refinement Workers: 10
 Periodic GC: Disabled
Heap:
 garbage-first heap   total 475136K, used 236119K [0x0000000080000000, 0x0000000100000000)
  region size 1024K, 102 young (104448K), 23 survivors (23552K)
 Metaspace       used 151987K, committed 154368K, reserved 1245184K
  class space    used 19913K, committed 21120K, reserved 1048576K
GC Heap History (20 events):
Event: 59.787 GC heap before
{Heap before GC invocations=56 (full 0):
 garbage-first heap   total 474112K, used 335872K [0x0000000080000000, 0x0000000100000000)
  region size 1024K, 129 young (132096K), 6 survivors (6144K)
 Metaspace       used 133687K, committed 136000K, reserved 1179648K
  class space    used 17895K, committed 19072K, reserved 1048576K
}
Event: 59.815 GC heap after
{Heap after GC invocations=57 (full 0):
 garbage-first heap   total 474112K, used 220283K [0x0000000080000000, 0x0000000100000000)
  region size 1024K, 16 young (16384K), 16 survivors (16384K)
 Metaspace       used 133687K, committed 136000K, reserved 1179648K
  class space    used 17895K, committed 19072K, reserved 1048576K
}
Event: 64.088 GC heap before
{Heap before GC invocations=57 (full 0):
 garbage-first heap   total 474112K, used 450683K [0x0000000080000000, 0x0000000100000000)
  region size 1024K, 191 young (195584K), 16 survivors (16384K)
 Metaspace       used 134579K, committed 136832K, reserved 1179648K
  class space    used 17982K, committed 19136K, reserved 1048576K
}
Event: 64.125 GC heap after
{Heap after GC invocations=58 (full 0):
 garbage-first heap   total 475136K, used 256454K [0x0000000080000000, 0x0000000100000000)
  region size 1024K, 16 young (16384K), 16 survivors (16384K)
 Metaspace       used 134579K, committed 136832K, reserved 1179648K
  class space    used 17982K, committed 19136K, reserved 1048576K
}
Event: 789.679 GC heap before
{Heap before GC invocations=58 (full 0):
 garbage-first heap   total 475136K, used 408006K [0x0000000080000000, 0x0000000100000000)
  region size 1024K, 165 young (168960K), 16 survivors (16384K)
 Metaspace       used 141730K, committed 144000K, reserved 1179648K
  class space    used 18635K, committed 19776K, reserved 1048576K
}
Event: 789.934 GC heap after
{Heap after GC invocations=59 (full 0):
 garbage-first heap   total 475136K, used 221387K [0x0000000080000000, 0x0000000100000000)
  region size 1024K, 10 young (10240K), 10 survivors (10240K)
 Metaspace       used 141730K, committed 144000K, reserved 1179648K
  class space    used 18635K, committed 19776K, reserved 1048576K
}
Event: 795.817 GC heap before
{Heap before GC invocations=60 (full 0):
 garbage-first heap   total 475136K, used 402635K [0x0000000080000000, 0x0000000100000000)
  region size 1024K, 196 young (200704K), 10 survivors (10240K)
 Metaspace       used 143165K, committed 145408K, reserved 1179648K
  class space    used 18829K, committed 19968K, reserved 1048576K
}
Event: 795.856 GC heap after
{Heap after GC invocations=61 (full 0):
 garbage-first heap   total 475136K, used 199106K [0x0000000080000000, 0x0000000100000000)
  region size 1024K, 16 young (16384K), 16 survivors (16384K)
 Metaspace       used 143165K, committed 145408K, reserved 1179648K
  class space    used 18829K, committed 19968K, reserved 1048576K
}
Event: 798.022 GC heap before
{Heap before GC invocations=61 (full 0):
 garbage-first heap   total 475136K, used 408002K [0x0000000080000000, 0x0000000100000000)
  region size 1024K, 221 young (226304K), 16 survivors (16384K)
 Metaspace       used 149614K, committed 151936K, reserved 1245184K
  class space    used 19829K, committed 20992K, reserved 1048576K
}
Event: 798.142 GC heap after
{Heap after GC invocations=62 (full 0):
 garbage-first heap   total 475136K, used 177914K [0x0000000080000000, 0x0000000100000000)
  region size 1024K, 28 young (28672K), 28 survivors (28672K)
 Metaspace       used 149614K, committed 151936K, reserved 1245184K
  class space    used 19829K, committed 20992K, reserved 1048576K
}
Event: 799.555 GC heap before
{Heap before GC invocations=62 (full 0):
 garbage-first heap   total 475136K, used 404218K [0x0000000080000000, 0x0000000100000000)
  region size 1024K, 250 young (256000K), 28 survivors (28672K)
 Metaspace       used 150663K, committed 153024K, reserved 1245184K
  class space    used 19875K, committed 21056K, reserved 1048576K
}
Event: 799.597 GC heap after
{Heap after GC invocations=63 (full 0):
 garbage-first heap   total 475136K, used 170686K [0x0000000080000000, 0x0000000100000000)
  region size 1024K, 15 young (15360K), 15 survivors (15360K)
 Metaspace       used 150663K, committed 153024K, reserved 1245184K
  class space    used 19875K, committed 21056K, reserved 1048576K
}
Event: 800.966 GC heap before
{Heap before GC invocations=63 (full 0):
 garbage-first heap   total 475136K, used 420542K [0x0000000080000000, 0x0000000100000000)
  region size 1024K, 259 young (265216K), 15 survivors (15360K)
 Metaspace       used 151259K, committed 153600K, reserved 1245184K
  class space    used 19891K, committed 21056K, reserved 1048576K
}
Event: 800.984 GC heap after
{Heap after GC invocations=64 (full 0):
 garbage-first heap   total 475136K, used 166078K [0x0000000080000000, 0x0000000100000000)
  region size 1024K, 10 young (10240K), 10 survivors (10240K)
 Metaspace       used 151259K, committed 153600K, reserved 1245184K
  class space    used 19891K, committed 21056K, reserved 1048576K
}
Event: 802.549 GC heap before
{Heap before GC invocations=65 (full 0):
 garbage-first heap   total 475136K, used 432318K [0x0000000080000000, 0x0000000100000000)
  region size 1024K, 271 young (277504K), 10 survivors (10240K)
 Metaspace       used 151684K, committed 153984K, reserved 1245184K
  class space    used 19898K, committed 21056K, reserved 1048576K
}
Event: 802.572 GC heap after
{Heap after GC invocations=66 (full 0):
 garbage-first heap   total 475136K, used 165054K [0x0000000080000000, 0x0000000100000000)
  region size 1024K, 10 young (10240K), 10 survivors (10240K)
 Metaspace       used 151684K, committed 153984K, reserved 1245184K
  class space    used 19898K, committed 21056K, reserved 1048576K
}
Event: 805.198 GC heap before
{Heap before GC invocations=66 (full 0):
 garbage-first heap   total 475136K, used 441534K [0x0000000080000000, 0x0000000100000000)
  region size 1024K, 278 young (284672K), 10 survivors (10240K)
 Metaspace       used 151830K, committed 154112K, reserved 1245184K
  class space    used 19906K, committed 21056K, reserved 1048576K
}
Event: 805.229 GC heap after
{Heap after GC invocations=67 (full 0):
 garbage-first heap   total 475136K, used 143345K [0x0000000080000000, 0x0000000100000000)
  region size 1024K, 12 young (12288K), 12 survivors (12288K)
 Metaspace       used 151830K, committed 154112K, reserved 1245184K
  class space    used 19906K, committed 21056K, reserved 1048576K
}
Event: 805.798 GC heap before
{Heap before GC invocations=67 (full 0):
 garbage-first heap   total 475136K, used 203761K [0x0000000080000000, 0x0000000100000000)
  region size 1024K, 73 young (74752K), 12 survivors (12288K)
 Metaspace       used 151880K, committed 154176K, reserved 1245184K
  class space    used 19908K, committed 21056K, reserved 1048576K
}
Event: 805.823 GC heap after
{Heap after GC invocations=68 (full 0):
 garbage-first heap   total 475136K, used 154199K [0x0000000080000000, 0x0000000100000000)
  region size 1024K, 23 young (23552K), 23 survivors (23552K)
 Metaspace       used 151880K, committed 154176K, reserved 1245184K
  class space    used 19908K, committed 21056K, reserved 1048576K
}

