# JRE version: OpenJDK Runtime Environment (21.0.5) (build 21.0.5+-13047016-b750.29)
# Java VM: OpenJDK 64-Bit Server VM (21.0.5+-13047016-b750.29, mixed mode, tiered, compressed oops, compressed class ptrs, g1 gc, windows-amd64)
GC Precious Log:
 CardTable entry size: 512
 Card Set container configuration: InlinePtr #cards 5 size 8 Array Of Cards #cards 12 size 40 Howl #buckets 4 coarsen threshold 1843 Howl Bitmap #cards 512 size 80 coarsen threshold 460 Card regions per heap region 1 cards per card region 2048
 CPUs: 12 total, 12 available
 Memory: 7528M
 Large Page Support: Disabled
 NUMA Support: Disabled
 Compressed Oops: Enabled (32-bit)
 Heap Region Size: 1M
 Heap Min Capacity: 8M
 Heap Initial Capacity: 118M
 Heap Max Capacity: 2G
 Pre-touch: Disabled
 Parallel Workers: 10
 Concurrent Workers: 3
 Concurrent Refinement Workers: 10
 Periodic GC: Disabled
Heap:
 garbage-first heap   total 350208K, used 227437K [0x0000000080000000, 0x0000000100000000)
  region size 1024K, 21 young (21504K), 4 survivors (4096K)
 Metaspace       used 198744K, committed 201728K, reserved 1245184K
  class space    used 24930K, committed 26432K, reserved 1048576K
GC Heap History (20 events):
Event: 49.690 GC heap before
{Heap before GC invocations=55 (full 0):
 garbage-first heap   total 291840K, used 262259K [0x0000000080000000, 0x0000000100000000)
  region size 1024K, 91 young (93184K), 11 survivors (11264K)
 Metaspace       used 161786K, committed 164352K, reserved 1245184K
  class space    used 20402K, committed 21696K, reserved 1048576K
}
Event: 49.708 GC heap after
{Heap after GC invocations=56 (full 0):
 garbage-first heap   total 291840K, used 182210K [0x0000000080000000, 0x0000000100000000)
  region size 1024K, 8 young (8192K), 8 survivors (8192K)
 Metaspace       used 161786K, committed 164352K, reserved 1245184K
  class space    used 20402K, committed 21696K, reserved 1048576K
}
Event: 50.000 GC heap before
{Heap before GC invocations=56 (full 0):
 garbage-first heap   total 291840K, used 191426K [0x0000000080000000, 0x0000000100000000)
  region size 1024K, 18 young (18432K), 8 survivors (8192K)
 Metaspace       used 162447K, committed 164992K, reserved 1245184K
  class space    used 20494K, committed 21760K, reserved 1048576K
}
Event: 50.010 GC heap after
{Heap after GC invocations=57 (full 0):
 garbage-first heap   total 291840K, used 183466K [0x0000000080000000, 0x0000000100000000)
  region size 1024K, 2 young (2048K), 2 survivors (2048K)
 Metaspace       used 162447K, committed 164992K, reserved 1245184K
  class space    used 20494K, committed 21760K, reserved 1048576K
}
Event: 53.943 GC heap before
{Heap before GC invocations=58 (full 0):
 garbage-first heap   total 309248K, used 266410K [0x0000000080000000, 0x0000000100000000)
  region size 1024K, 83 young (84992K), 2 survivors (2048K)
 Metaspace       used 168609K, committed 171264K, reserved 1245184K
  class space    used 21521K, committed 22848K, reserved 1048576K
}
Event: 53.951 GC heap after
{Heap after GC invocations=59 (full 0):
 garbage-first heap   total 309248K, used 179924K [0x0000000080000000, 0x0000000100000000)
  region size 1024K, 5 young (5120K), 5 survivors (5120K)
 Metaspace       used 168609K, committed 171264K, reserved 1245184K
  class space    used 21521K, committed 22848K, reserved 1048576K
}
Event: 58.486 GC heap before
{Heap before GC invocations=59 (full 0):
 garbage-first heap   total 309248K, used 300756K [0x0000000080000000, 0x0000000100000000)
  region size 1024K, 104 young (106496K), 5 survivors (5120K)
 Metaspace       used 175959K, committed 178688K, reserved 1245184K
  class space    used 22367K, committed 23744K, reserved 1048576K
}
Event: 58.512 GC heap after
{Heap after GC invocations=60 (full 0):
 garbage-first heap   total 321536K, used 202618K [0x0000000080000000, 0x0000000100000000)
  region size 1024K, 13 young (13312K), 13 survivors (13312K)
 Metaspace       used 175959K, committed 178688K, reserved 1245184K
  class space    used 22367K, committed 23744K, reserved 1048576K
}
Event: 61.356 GC heap before
{Heap before GC invocations=60 (full 0):
 garbage-first heap   total 321536K, used 290682K [0x0000000080000000, 0x0000000100000000)
  region size 1024K, 99 young (101376K), 13 survivors (13312K)
 Metaspace       used 175961K, committed 178688K, reserved 1245184K
  class space    used 22367K, committed 23744K, reserved 1048576K
}
Event: 61.374 GC heap after
{Heap after GC invocations=61 (full 0):
 garbage-first heap   total 321536K, used 207729K [0x0000000080000000, 0x0000000100000000)
  region size 1024K, 7 young (7168K), 7 survivors (7168K)
 Metaspace       used 175961K, committed 178688K, reserved 1245184K
  class space    used 22367K, committed 23744K, reserved 1048576K
}
Event: 64.402 GC heap before
{Heap before GC invocations=62 (full 0):
 garbage-first heap   total 345088K, used 291697K [0x0000000080000000, 0x0000000100000000)
  region size 1024K, 92 young (94208K), 7 survivors (7168K)
 Metaspace       used 176893K, committed 179648K, reserved 1245184K
  class space    used 22451K, committed 23808K, reserved 1048576K
}
Event: 64.415 GC heap after
{Heap after GC invocations=63 (full 0):
 garbage-first heap   total 345088K, used 209915K [0x0000000080000000, 0x0000000100000000)
  region size 1024K, 11 young (11264K), 11 survivors (11264K)
 Metaspace       used 176893K, committed 179648K, reserved 1245184K
  class space    used 22451K, committed 23808K, reserved 1048576K
}
Event: 69.281 GC heap before
{Heap before GC invocations=63 (full 0):
 garbage-first heap   total 345088K, used 312315K [0x0000000080000000, 0x0000000100000000)
  region size 1024K, 109 young (111616K), 11 survivors (11264K)
 Metaspace       used 188135K, committed 190912K, reserved 1245184K
  class space    used 23881K, committed 25280K, reserved 1048576K
}
Event: 69.300 GC heap after
{Heap after GC invocations=64 (full 0):
 garbage-first heap   total 345088K, used 201508K [0x0000000080000000, 0x0000000100000000)
  region size 1024K, 12 young (12288K), 12 survivors (12288K)
 Metaspace       used 188135K, committed 190912K, reserved 1245184K
  class space    used 23881K, committed 25280K, reserved 1048576K
}
Event: 81.476 GC heap before
{Heap before GC invocations=64 (full 0):
 garbage-first heap   total 345088K, used 310052K [0x0000000080000000, 0x0000000100000000)
  region size 1024K, 119 young (121856K), 12 survivors (12288K)
 Metaspace       used 192077K, committed 194880K, reserved 1245184K
  class space    used 24320K, committed 25728K, reserved 1048576K
}
Event: 81.497 GC heap after
{Heap after GC invocations=65 (full 0):
 garbage-first heap   total 345088K, used 209056K [0x0000000080000000, 0x0000000100000000)
  region size 1024K, 15 young (15360K), 15 survivors (15360K)
 Metaspace       used 192077K, committed 194880K, reserved 1245184K
  class space    used 24320K, committed 25728K, reserved 1048576K
}
Event: 1820.224 GC heap before
{Heap before GC invocations=66 (full 0):
 garbage-first heap   total 350208K, used 309408K [0x0000000080000000, 0x0000000100000000)
  region size 1024K, 114 young (116736K), 15 survivors (15360K)
 Metaspace       used 198543K, committed 201472K, reserved 1245184K
  class space    used 24921K, committed 26432K, reserved 1048576K
}
Event: 1820.589 GC heap after
{Heap after GC invocations=67 (full 0):
 garbage-first heap   total 350208K, used 211362K [0x0000000080000000, 0x0000000100000000)
  region size 1024K, 4 young (4096K), 4 survivors (4096K)
 Metaspace       used 198543K, committed 201472K, reserved 1245184K
  class space    used 24921K, committed 26432K, reserved 1048576K
}
Event: 6406.818 GC heap before
{Heap before GC invocations=67 (full 0):
 garbage-first heap   total 350208K, used 321954K [0x0000000080000000, 0x0000000100000000)
  region size 1024K, 112 young (114688K), 4 survivors (4096K)
 Metaspace       used 198647K, committed 201536K, reserved 1245184K
  class space    used 24925K, committed 26432K, reserved 1048576K
}
Event: 6406.989 GC heap after
{Heap after GC invocations=68 (full 0):
 garbage-first heap   total 350208K, used 212077K [0x0000000080000000, 0x0000000100000000)
  region size 1024K, 4 young (4096K), 4 survivors (4096K)
 Metaspace       used 198647K, committed 201536K, reserved 1245184K
  class space    used 24925K, committed 26432K, reserved 1048576K
}

